2018-02-27 19:47:48.767 - INFO [           main] com.zzz.Application                      : Starting Application v1.0-RELEASE on acer-v5-472g with PID 16024 (F:\IdeaProjects\helloworld\target\hello-world.jar started by 胡胜钧 in F:\IdeaProjects\helloworld\target)
2018-02-27 19:47:49.033 - INFO [           main] com.zzz.Application                      : The following profiles are active: dev
2018-02-27 19:47:49.324 - INFO [           main] ationConfigEmbeddedWebApplicationContext : Refreshing org.springframework.boot.context.embedded.AnnotationConfigEmbeddedWebApplicationContext@5906ebcb: startup date [Tue Feb 27 19:47:49 CST 2018]; root of context hierarchy
2018-02-27 19:47:51.077 - INFO [kground-preinit] o.h.validator.internal.util.Version      : HV000001: Hibernate Validator 5.3.6.Final
2018-02-27 19:47:52.048 - INFO [           main] o.s.b.f.xml.XmlBeanDefinitionReader      : Loading XML bean definitions from class path resource [config/applicationContext.xml]
2018-02-27 19:47:56.466 - INFO [           main] trationDelegate$BeanPostProcessorChecker : Bean 'org.springframework.transaction.annotation.ProxyTransactionManagementConfiguration' of type [org.springframework.transaction.annotation.ProxyTransactionManagementConfiguration$$EnhancerBySpringCGLIB$$f740fbc8] is not eligible for getting processed by all BeanPostProcessors (for example: not eligible for auto-proxying)
2018-02-27 19:48:01.290 - INFO [           main] s.b.c.e.t.TomcatEmbeddedServletContainer : Tomcat initialized with port(s): 8080 (http)
2018-02-27 19:48:01.352 - INFO [           main] o.apache.catalina.core.StandardService   : Starting service [Tomcat]
2018-02-27 19:48:01.362 - INFO [           main] org.apache.catalina.core.StandardEngine  : Starting Servlet Engine: Apache Tomcat/8.5.27
2018-02-27 19:48:01.887 - INFO [ost-startStop-1] o.a.c.c.C.[Tomcat].[localhost].[/]       : Initializing Spring embedded WebApplicationContext
2018-02-27 19:48:01.888 - INFO [ost-startStop-1] o.s.web.context.ContextLoader            : Root WebApplicationContext: initialization completed in 12564 ms
2018-02-27 19:48:03.149 - INFO [ost-startStop-1] o.s.b.w.servlet.ServletRegistrationBean  : Mapping servlet: 'statViewServlet' to [/druid/*]
2018-02-27 19:48:03.154 - INFO [ost-startStop-1] o.s.b.w.servlet.ServletRegistrationBean  : Mapping servlet: 'dispatcherServlet' to [/]
2018-02-27 19:48:03.164 - INFO [ost-startStop-1] o.s.b.w.servlet.FilterRegistrationBean   : Mapping filter: 'metricsFilter' to: [/*]
2018-02-27 19:48:03.165 - INFO [ost-startStop-1] o.s.b.w.servlet.FilterRegistrationBean   : Mapping filter: 'characterEncodingFilter' to: [/*]
2018-02-27 19:48:03.171 - INFO [ost-startStop-1] o.s.b.w.servlet.FilterRegistrationBean   : Mapping filter: 'hiddenHttpMethodFilter' to: [/*]
2018-02-27 19:48:03.172 - INFO [ost-startStop-1] o.s.b.w.servlet.FilterRegistrationBean   : Mapping filter: 'httpPutFormContentFilter' to: [/*]
2018-02-27 19:48:03.172 - INFO [ost-startStop-1] o.s.b.w.servlet.FilterRegistrationBean   : Mapping filter: 'requestContextFilter' to: [/*]
2018-02-27 19:48:03.175 - INFO [ost-startStop-1] o.s.b.w.servlet.FilterRegistrationBean   : Mapping filter: 'webRequestLoggingFilter' to: [/*]
2018-02-27 19:48:03.176 - INFO [ost-startStop-1] o.s.b.w.servlet.FilterRegistrationBean   : Mapping filter: 'webStatFilter' to urls: [/*]
2018-02-27 19:48:03.176 - INFO [ost-startStop-1] o.s.b.w.servlet.FilterRegistrationBean   : Mapping filter: 'applicationContextIdFilter' to: [/*]
2018-02-27 19:48:05.888 - INFO [           main] com.alibaba.druid.pool.DruidDataSource   : {dataSource-1} inited
2018-02-27 19:48:06.119 - INFO [           main] j.LocalContainerEntityManagerFactoryBean : Building JPA container EntityManagerFactory for persistence unit 'default'
2018-02-27 19:48:06.178 - INFO [           main] o.hibernate.jpa.internal.util.LogHelper  : HHH000204: Processing PersistenceUnitInfo [
	name: default
	...]
2018-02-27 19:48:06.509 - INFO [           main] org.hibernate.Version                    : HHH000412: Hibernate Core {5.0.12.Final}
2018-02-27 19:48:06.512 - INFO [           main] org.hibernate.cfg.Environment            : HHH000206: hibernate.properties not found
2018-02-27 19:48:06.516 - INFO [           main] org.hibernate.cfg.Environment            : HHH000021: Bytecode provider name : javassist
2018-02-27 19:48:06.756 - INFO [           main] o.hibernate.annotations.common.Version   : HCANN000001: Hibernate Commons Annotations {5.0.1.Final}
2018-02-27 19:48:07.507 - INFO [           main] org.hibernate.dialect.Dialect            : HHH000400: Using dialect: org.hibernate.dialect.MySQL5Dialect
2018-02-27 19:48:09.155 - INFO [           main] org.hibernate.tool.hbm2ddl.SchemaUpdate  : HHH000228: Running hbm2ddl schema update
2018-02-27 19:48:09.430 - INFO [           main] j.LocalContainerEntityManagerFactoryBean : Initialized JPA EntityManagerFactory for persistence unit 'default'
2018-02-27 19:48:11.081 - INFO [           main] s.w.s.m.m.a.RequestMappingHandlerAdapter : Looking for @ControllerAdvice: org.springframework.boot.context.embedded.AnnotationConfigEmbeddedWebApplicationContext@5906ebcb: startup date [Tue Feb 27 19:47:49 CST 2018]; root of context hierarchy
2018-02-27 19:48:11.660 - INFO [           main] s.w.s.m.m.a.RequestMappingHandlerMapping : Mapped "{[/user/registry],methods=[POST]}" onto public com.zzz.support.ResponseEntity com.zzz.controller.UserController.registry(com.zzz.model.vo.UserVo)
2018-02-27 19:48:11.674 - INFO [           main] s.w.s.m.m.a.RequestMappingHandlerMapping : Mapped "{[/user/login],methods=[GET]}" onto public com.zzz.support.ResponseEntity com.zzz.controller.UserController.login(javax.servlet.http.HttpSession,java.lang.String,java.lang.String)
2018-02-27 19:48:11.678 - INFO [           main] s.w.s.m.m.a.RequestMappingHandlerMapping : Mapped "{[/error]}" onto public org.springframework.http.ResponseEntity<java.util.Map<java.lang.String, java.lang.Object>> org.springframework.boot.autoconfigure.web.BasicErrorController.error(javax.servlet.http.HttpServletRequest)
2018-02-27 19:48:11.679 - INFO [           main] s.w.s.m.m.a.RequestMappingHandlerMapping : Mapped "{[/error],produces=[text/html]}" onto public org.springframework.web.servlet.ModelAndView org.springframework.boot.autoconfigure.web.BasicErrorController.errorHtml(javax.servlet.http.HttpServletRequest,javax.servlet.http.HttpServletResponse)
2018-02-27 19:48:11.808 - INFO [           main] o.s.w.s.handler.SimpleUrlHandlerMapping  : Mapped URL path [/webjars/**] onto handler of type [class org.springframework.web.servlet.resource.ResourceHttpRequestHandler]
2018-02-27 19:48:11.809 - INFO [           main] o.s.w.s.handler.SimpleUrlHandlerMapping  : Mapped URL path [/**] onto handler of type [class org.springframework.web.servlet.resource.ResourceHttpRequestHandler]
2018-02-27 19:48:11.887 - INFO [           main] .m.m.a.ExceptionHandlerExceptionResolver : Detected @ExceptionHandler methods in globalExceptionHandler
2018-02-27 19:48:11.978 - INFO [           main] o.s.w.s.handler.SimpleUrlHandlerMapping  : Mapped URL path [/**/favicon.ico] onto handler of type [class org.springframework.web.servlet.resource.ResourceHttpRequestHandler]
2018-02-27 19:48:12.219 - INFO [           main] oConfiguration$WelcomePageHandlerMapping : Adding welcome page: class path resource [static/dist/index.html]
2018-02-27 19:48:13.903 - INFO [           main] o.s.b.a.e.mvc.EndpointHandlerMapping     : Mapped "{[/env/{name:.*}],methods=[GET],produces=[application/vnd.spring-boot.actuator.v1+json || application/json]}" onto public java.lang.Object org.springframework.boot.actuate.endpoint.mvc.EnvironmentMvcEndpoint.value(java.lang.String)
2018-02-27 19:48:13.904 - INFO [           main] o.s.b.a.e.mvc.EndpointHandlerMapping     : Mapped "{[/env || /env.json],methods=[GET],produces=[application/vnd.spring-boot.actuator.v1+json || application/json]}" onto public java.lang.Object org.springframework.boot.actuate.endpoint.mvc.EndpointMvcAdapter.invoke()
2018-02-27 19:48:13.905 - INFO [           main] o.s.b.a.e.mvc.EndpointHandlerMapping     : Mapped "{[/health || /health.json],methods=[GET],produces=[application/vnd.spring-boot.actuator.v1+json || application/json]}" onto public java.lang.Object org.springframework.boot.actuate.endpoint.mvc.HealthMvcEndpoint.invoke(javax.servlet.http.HttpServletRequest,java.security.Principal)
2018-02-27 19:48:13.907 - INFO [           main] o.s.b.a.e.mvc.EndpointHandlerMapping     : Mapped "{[/info || /info.json],methods=[GET],produces=[application/vnd.spring-boot.actuator.v1+json || application/json]}" onto public java.lang.Object org.springframework.boot.actuate.endpoint.mvc.EndpointMvcAdapter.invoke()
2018-02-27 19:48:13.909 - INFO [           main] o.s.b.a.e.mvc.EndpointHandlerMapping     : Mapped "{[/dump || /dump.json],methods=[GET],produces=[application/vnd.spring-boot.actuator.v1+json || application/json]}" onto public java.lang.Object org.springframework.boot.actuate.endpoint.mvc.EndpointMvcAdapter.invoke()
2018-02-27 19:48:13.912 - INFO [           main] o.s.b.a.e.mvc.EndpointHandlerMapping     : Mapped "{[/mappings || /mappings.json],methods=[GET],produces=[application/vnd.spring-boot.actuator.v1+json || application/json]}" onto public java.lang.Object org.springframework.boot.actuate.endpoint.mvc.EndpointMvcAdapter.invoke()
2018-02-27 19:48:13.914 - INFO [           main] o.s.b.a.e.mvc.EndpointHandlerMapping     : Mapped "{[/heapdump || /heapdump.json],methods=[GET],produces=[application/octet-stream]}" onto public void org.springframework.boot.actuate.endpoint.mvc.HeapdumpMvcEndpoint.invoke(boolean,javax.servlet.http.HttpServletRequest,javax.servlet.http.HttpServletResponse) throws java.io.IOException,javax.servlet.ServletException
2018-02-27 19:48:13.915 - INFO [           main] o.s.b.a.e.mvc.EndpointHandlerMapping     : Mapped "{[/metrics/{name:.*}],methods=[GET],produces=[application/vnd.spring-boot.actuator.v1+json || application/json]}" onto public java.lang.Object org.springframework.boot.actuate.endpoint.mvc.MetricsMvcEndpoint.value(java.lang.String)
2018-02-27 19:48:13.916 - INFO [           main] o.s.b.a.e.mvc.EndpointHandlerMapping     : Mapped "{[/metrics || /metrics.json],methods=[GET],produces=[application/vnd.spring-boot.actuator.v1+json || application/json]}" onto public java.lang.Object org.springframework.boot.actuate.endpoint.mvc.EndpointMvcAdapter.invoke()
2018-02-27 19:48:13.918 - INFO [           main] o.s.b.a.e.mvc.EndpointHandlerMapping     : Mapped "{[/trace || /trace.json],methods=[GET],produces=[application/vnd.spring-boot.actuator.v1+json || application/json]}" onto public java.lang.Object org.springframework.boot.actuate.endpoint.mvc.EndpointMvcAdapter.invoke()
2018-02-27 19:48:13.920 - INFO [           main] o.s.b.a.e.mvc.EndpointHandlerMapping     : Mapped "{[/autoconfig || /autoconfig.json],methods=[GET],produces=[application/vnd.spring-boot.actuator.v1+json || application/json]}" onto public java.lang.Object org.springframework.boot.actuate.endpoint.mvc.EndpointMvcAdapter.invoke()
2018-02-27 19:48:13.922 - INFO [           main] o.s.b.a.e.mvc.EndpointHandlerMapping     : Mapped "{[/configprops || /configprops.json],methods=[GET],produces=[application/vnd.spring-boot.actuator.v1+json || application/json]}" onto public java.lang.Object org.springframework.boot.actuate.endpoint.mvc.EndpointMvcAdapter.invoke()
2018-02-27 19:48:13.924 - INFO [           main] o.s.b.a.e.mvc.EndpointHandlerMapping     : Mapped "{[/auditevents || /auditevents.json],methods=[GET],produces=[application/vnd.spring-boot.actuator.v1+json || application/json]}" onto public org.springframework.http.ResponseEntity<?> org.springframework.boot.actuate.endpoint.mvc.AuditEventsMvcEndpoint.findByPrincipalAndAfterAndType(java.lang.String,java.util.Date,java.lang.String)
2018-02-27 19:48:13.926 - INFO [           main] o.s.b.a.e.mvc.EndpointHandlerMapping     : Mapped "{[/beans || /beans.json],methods=[GET],produces=[application/vnd.spring-boot.actuator.v1+json || application/json]}" onto public java.lang.Object org.springframework.boot.actuate.endpoint.mvc.EndpointMvcAdapter.invoke()
2018-02-27 19:48:13.934 - INFO [           main] o.s.b.a.e.mvc.EndpointHandlerMapping     : Mapped "{[/loggers/{name:.*}],methods=[GET],produces=[application/vnd.spring-boot.actuator.v1+json || application/json]}" onto public java.lang.Object org.springframework.boot.actuate.endpoint.mvc.LoggersMvcEndpoint.get(java.lang.String)
2018-02-27 19:48:13.935 - INFO [           main] o.s.b.a.e.mvc.EndpointHandlerMapping     : Mapped "{[/loggers/{name:.*}],methods=[POST],consumes=[application/vnd.spring-boot.actuator.v1+json || application/json],produces=[application/vnd.spring-boot.actuator.v1+json || application/json]}" onto public java.lang.Object org.springframework.boot.actuate.endpoint.mvc.LoggersMvcEndpoint.set(java.lang.String,java.util.Map<java.lang.String, java.lang.String>)
2018-02-27 19:48:13.937 - INFO [           main] o.s.b.a.e.mvc.EndpointHandlerMapping     : Mapped "{[/loggers || /loggers.json],methods=[GET],produces=[application/vnd.spring-boot.actuator.v1+json || application/json]}" onto public java.lang.Object org.springframework.boot.actuate.endpoint.mvc.EndpointMvcAdapter.invoke()
2018-02-27 19:48:15.629 - INFO [           main] o.s.j.e.a.AnnotationMBeanExporter        : Registering beans for JMX exposure on startup
2018-02-27 19:48:15.631 - INFO [           main] o.s.j.e.a.AnnotationMBeanExporter        : Bean with name 'druidDataSource' has been autodetected for JMX exposure
2018-02-27 19:48:15.654 - INFO [           main] o.s.j.e.a.AnnotationMBeanExporter        : Located MBean 'druidDataSource': registering with JMX server as MBean [com.alibaba.druid.pool:name=druidDataSource,type=DruidDataSource]
2018-02-27 19:48:15.654 - INFO [           main] o.s.b.a.e.jmx.EndpointMBeanExporter      : Registering beans for JMX exposure on startup
2018-02-27 19:48:15.663 - INFO [           main] o.s.c.support.DefaultLifecycleProcessor  : Starting beans in phase 0
2018-02-27 19:48:15.666 - INFO [           main] o.s.b.a.e.jmx.EndpointMBeanExporter      : Located managed bean 'auditEventsEndpoint': registering with JMX server as MBean [org.springframework.boot:type=Endpoint,name=auditEventsEndpoint]
2018-02-27 19:48:15.891 - INFO [           main] o.s.b.a.e.jmx.EndpointMBeanExporter      : Located managed bean 'requestMappingEndpoint': registering with JMX server as MBean [org.springframework.boot:type=Endpoint,name=requestMappingEndpoint]
2018-02-27 19:48:15.913 - INFO [           main] o.s.b.a.e.jmx.EndpointMBeanExporter      : Located managed bean 'environmentEndpoint': registering with JMX server as MBean [org.springframework.boot:type=Endpoint,name=environmentEndpoint]
2018-02-27 19:48:15.931 - INFO [           main] o.s.b.a.e.jmx.EndpointMBeanExporter      : Located managed bean 'healthEndpoint': registering with JMX server as MBean [org.springframework.boot:type=Endpoint,name=healthEndpoint]
2018-02-27 19:48:15.938 - INFO [           main] o.s.b.a.e.jmx.EndpointMBeanExporter      : Located managed bean 'beansEndpoint': registering with JMX server as MBean [org.springframework.boot:type=Endpoint,name=beansEndpoint]
2018-02-27 19:48:15.945 - INFO [           main] o.s.b.a.e.jmx.EndpointMBeanExporter      : Located managed bean 'infoEndpoint': registering with JMX server as MBean [org.springframework.boot:type=Endpoint,name=infoEndpoint]
2018-02-27 19:48:15.954 - INFO [           main] o.s.b.a.e.jmx.EndpointMBeanExporter      : Located managed bean 'loggersEndpoint': registering with JMX server as MBean [org.springframework.boot:type=Endpoint,name=loggersEndpoint]
2018-02-27 19:48:15.976 - INFO [           main] o.s.b.a.e.jmx.EndpointMBeanExporter      : Located managed bean 'metricsEndpoint': registering with JMX server as MBean [org.springframework.boot:type=Endpoint,name=metricsEndpoint]
2018-02-27 19:48:15.987 - INFO [           main] o.s.b.a.e.jmx.EndpointMBeanExporter      : Located managed bean 'traceEndpoint': registering with JMX server as MBean [org.springframework.boot:type=Endpoint,name=traceEndpoint]
2018-02-27 19:48:15.996 - INFO [           main] o.s.b.a.e.jmx.EndpointMBeanExporter      : Located managed bean 'dumpEndpoint': registering with JMX server as MBean [org.springframework.boot:type=Endpoint,name=dumpEndpoint]
2018-02-27 19:48:16.003 - INFO [           main] o.s.b.a.e.jmx.EndpointMBeanExporter      : Located managed bean 'autoConfigurationReportEndpoint': registering with JMX server as MBean [org.springframework.boot:type=Endpoint,name=autoConfigurationReportEndpoint]
2018-02-27 19:48:16.007 - INFO [           main] o.s.b.a.e.jmx.EndpointMBeanExporter      : Located managed bean 'configurationPropertiesReportEndpoint': registering with JMX server as MBean [org.springframework.boot:type=Endpoint,name=configurationPropertiesReportEndpoint]
2018-02-27 19:48:16.199 - INFO [           main] o.a.coyote.http11.Http11NioProtocol      : Initializing ProtocolHandler ["http-nio-8080"]
2018-02-27 19:48:16.394 - INFO [           main] o.a.coyote.http11.Http11NioProtocol      : Starting ProtocolHandler ["http-nio-8080"]
2018-02-27 19:48:16.674 - INFO [           main] o.a.tomcat.util.net.NioSelectorPool      : Using a shared selector for servlet write/read
2018-02-27 19:48:16.728 - INFO [           main] s.b.c.e.t.TomcatEmbeddedServletContainer : Tomcat started on port(s): 8080 (http)
2018-02-27 19:48:16.750 - INFO [           main] com.zzz.Application                      : Started Application in 30.431 seconds (JVM running for 39.015)
2018-02-27 19:48:16.750 - INFO [           main] com.zzz.Application                      : Application Startup Success !
2018-02-27 19:48:20.650 - INFO [nio-8080-exec-1] o.a.c.c.C.[Tomcat].[localhost].[/]       : Initializing Spring FrameworkServlet 'dispatcherServlet'
2018-02-27 19:48:20.651 - INFO [nio-8080-exec-1] o.s.web.servlet.DispatcherServlet        : FrameworkServlet 'dispatcherServlet': initialization started
2018-02-27 19:48:20.745 - INFO [nio-8080-exec-1] o.s.web.servlet.DispatcherServlet        : FrameworkServlet 'dispatcherServlet': initialization completed in 94 ms
2018-02-27 19:48:27.924 - INFO [nio-8080-exec-5] o.h.h.i.QueryTranslatorFactoryInitiator  : HHH000397: Using ASTQueryTranslatorFactory
2018-02-27 19:49:16.663 - INFO [           main] com.zzz.Application                      : Starting Application v1.0-RELEASE on acer-v5-472g with PID 13852 (F:\IdeaProjects\helloworld\target\hello-world.jar started by 胡胜钧 in F:\IdeaProjects\helloworld\target)
2018-02-27 19:49:16.815 - INFO [           main] com.zzz.Application                      : The following profiles are active: dev
2018-02-27 19:49:17.000 - INFO [           main] ationConfigEmbeddedWebApplicationContext : Refreshing org.springframework.boot.context.embedded.AnnotationConfigEmbeddedWebApplicationContext@5906ebcb: startup date [Tue Feb 27 19:49:17 CST 2018]; root of context hierarchy
2018-02-27 19:49:17.471 - INFO [kground-preinit] o.h.validator.internal.util.Version      : HV000001: Hibernate Validator 5.3.6.Final
2018-02-27 19:49:19.180 - INFO [           main] o.s.b.f.xml.XmlBeanDefinitionReader      : Loading XML bean definitions from class path resource [config/applicationContext.xml]
2018-02-27 19:50:12.152 - INFO [           main] com.zzz.Application                      : Starting Application v1.0-RELEASE on acer-v5-472g with PID 6128 (F:\IdeaProjects\helloworld\target\hello-world.jar started by 胡胜钧 in F:\IdeaProjects\helloworld\target)
2018-02-27 19:50:12.170 - INFO [           main] com.zzz.Application                      : The following profiles are active: pro
2018-02-27 19:50:12.680 - INFO [           main] ationConfigEmbeddedWebApplicationContext : Refreshing org.springframework.boot.context.embedded.AnnotationConfigEmbeddedWebApplicationContext@5906ebcb: startup date [Tue Feb 27 19:50:12 CST 2018]; root of context hierarchy
2018-02-27 19:50:13.516 - INFO [kground-preinit] o.h.validator.internal.util.Version      : HV000001: Hibernate Validator 5.3.6.Final
2018-02-27 19:50:15.704 - INFO [           main] o.s.b.f.xml.XmlBeanDefinitionReader      : Loading XML bean definitions from class path resource [config/applicationContext.xml]
2018-02-27 19:50:26.883 - INFO [           main] trationDelegate$BeanPostProcessorChecker : Bean 'org.springframework.transaction.annotation.ProxyTransactionManagementConfiguration' of type [org.springframework.transaction.annotation.ProxyTransactionManagementConfiguration$$EnhancerBySpringCGLIB$$1db410ae] is not eligible for getting processed by all BeanPostProcessors (for example: not eligible for auto-proxying)
2018-02-27 19:50:31.385 - INFO [           main] s.b.c.e.t.TomcatEmbeddedServletContainer : Tomcat initialized with port(s): 8089 (http)
2018-02-27 19:50:31.485 - INFO [           main] o.apache.catalina.core.StandardService   : Starting service [Tomcat]
2018-02-27 19:50:31.488 - INFO [           main] org.apache.catalina.core.StandardEngine  : Starting Servlet Engine: Apache Tomcat/8.5.27
2018-02-27 19:50:32.261 - INFO [ost-startStop-1] o.a.c.c.C.[Tomcat].[localhost].[/]       : Initializing Spring embedded WebApplicationContext
2018-02-27 19:50:32.262 - INFO [ost-startStop-1] o.s.web.context.ContextLoader            : Root WebApplicationContext: initialization completed in 19582 ms
2018-02-27 19:50:33.556 - INFO [ost-startStop-1] o.s.b.w.servlet.ServletRegistrationBean  : Mapping servlet: 'statViewServlet' to [/druid/*]
2018-02-27 19:50:33.627 - INFO [ost-startStop-1] o.s.b.w.servlet.ServletRegistrationBean  : Mapping servlet: 'dispatcherServlet' to [/]
2018-02-27 19:50:33.638 - INFO [ost-startStop-1] o.s.b.w.servlet.FilterRegistrationBean   : Mapping filter: 'metricsFilter' to: [/*]
2018-02-27 19:50:33.639 - INFO [ost-startStop-1] o.s.b.w.servlet.FilterRegistrationBean   : Mapping filter: 'characterEncodingFilter' to: [/*]
2018-02-27 19:50:33.640 - INFO [ost-startStop-1] o.s.b.w.servlet.FilterRegistrationBean   : Mapping filter: 'hiddenHttpMethodFilter' to: [/*]
2018-02-27 19:50:33.640 - INFO [ost-startStop-1] o.s.b.w.servlet.FilterRegistrationBean   : Mapping filter: 'httpPutFormContentFilter' to: [/*]
2018-02-27 19:50:33.640 - INFO [ost-startStop-1] o.s.b.w.servlet.FilterRegistrationBean   : Mapping filter: 'requestContextFilter' to: [/*]
2018-02-27 19:50:33.641 - INFO [ost-startStop-1] o.s.b.w.servlet.FilterRegistrationBean   : Mapping filter: 'webRequestLoggingFilter' to: [/*]
2018-02-27 19:50:33.641 - INFO [ost-startStop-1] o.s.b.w.servlet.FilterRegistrationBean   : Mapping filter: 'webStatFilter' to urls: [/*]
2018-02-27 19:50:33.641 - INFO [ost-startStop-1] o.s.b.w.servlet.FilterRegistrationBean   : Mapping filter: 'applicationContextIdFilter' to: [/*]
2018-02-27 19:50:36.945 - INFO [           main] com.alibaba.druid.pool.DruidDataSource   : {dataSource-1} inited
2018-02-27 19:50:37.216 - INFO [           main] j.LocalContainerEntityManagerFactoryBean : Building JPA container EntityManagerFactory for persistence unit 'default'
2018-02-27 19:50:37.297 - INFO [           main] o.hibernate.jpa.internal.util.LogHelper  : HHH000204: Processing PersistenceUnitInfo [
	name: default
	...]
2018-02-27 19:50:37.746 - INFO [           main] org.hibernate.Version                    : HHH000412: Hibernate Core {5.0.12.Final}
2018-02-27 19:50:37.751 - INFO [           main] org.hibernate.cfg.Environment            : HHH000206: hibernate.properties not found
2018-02-27 19:50:37.756 - INFO [           main] org.hibernate.cfg.Environment            : HHH000021: Bytecode provider name : javassist
2018-02-27 19:50:38.019 - INFO [           main] o.hibernate.annotations.common.Version   : HCANN000001: Hibernate Commons Annotations {5.0.1.Final}
2018-02-27 19:50:41.318 - INFO [           main] org.hibernate.dialect.Dialect            : HHH000400: Using dialect: org.hibernate.dialect.MySQL5Dialect
2018-02-27 19:50:42.911 - INFO [           main] org.hibernate.tool.hbm2ddl.SchemaUpdate  : HHH000228: Running hbm2ddl schema update
2018-02-27 19:50:43.102 - INFO [           main] j.LocalContainerEntityManagerFactoryBean : Initialized JPA EntityManagerFactory for persistence unit 'default'
2018-02-27 19:50:44.881 - INFO [           main] s.w.s.m.m.a.RequestMappingHandlerAdapter : Looking for @ControllerAdvice: org.springframework.boot.context.embedded.AnnotationConfigEmbeddedWebApplicationContext@5906ebcb: startup date [Tue Feb 27 19:50:12 CST 2018]; root of context hierarchy
2018-02-27 19:50:45.129 - INFO [           main] s.w.s.m.m.a.RequestMappingHandlerMapping : Mapped "{[/user/registry],methods=[POST]}" onto public com.zzz.support.ResponseEntity com.zzz.controller.UserController.registry(com.zzz.model.vo.UserVo)
2018-02-27 19:50:45.132 - INFO [           main] s.w.s.m.m.a.RequestMappingHandlerMapping : Mapped "{[/user/login],methods=[GET]}" onto public com.zzz.support.ResponseEntity com.zzz.controller.UserController.login(javax.servlet.http.HttpSession,java.lang.String,java.lang.String)
2018-02-27 19:50:45.135 - INFO [           main] s.w.s.m.m.a.RequestMappingHandlerMapping : Mapped "{[/error]}" onto public org.springframework.http.ResponseEntity<java.util.Map<java.lang.String, java.lang.Object>> org.springframework.boot.autoconfigure.web.BasicErrorController.error(javax.servlet.http.HttpServletRequest)
2018-02-27 19:50:45.136 - INFO [           main] s.w.s.m.m.a.RequestMappingHandlerMapping : Mapped "{[/error],produces=[text/html]}" onto public org.springframework.web.servlet.ModelAndView org.springframework.boot.autoconfigure.web.BasicErrorController.errorHtml(javax.servlet.http.HttpServletRequest,javax.servlet.http.HttpServletResponse)
2018-02-27 19:50:45.192 - INFO [           main] o.s.w.s.handler.SimpleUrlHandlerMapping  : Mapped URL path [/webjars/**] onto handler of type [class org.springframework.web.servlet.resource.ResourceHttpRequestHandler]
2018-02-27 19:50:45.192 - INFO [           main] o.s.w.s.handler.SimpleUrlHandlerMapping  : Mapped URL path [/**] onto handler of type [class org.springframework.web.servlet.resource.ResourceHttpRequestHandler]
2018-02-27 19:50:45.241 - INFO [           main] .m.m.a.ExceptionHandlerExceptionResolver : Detected @ExceptionHandler methods in globalExceptionHandler
2018-02-27 19:50:45.306 - INFO [           main] o.s.w.s.handler.SimpleUrlHandlerMapping  : Mapped URL path [/**/favicon.ico] onto handler of type [class org.springframework.web.servlet.resource.ResourceHttpRequestHandler]
2018-02-27 19:50:45.395 - INFO [           main] oConfiguration$WelcomePageHandlerMapping : Adding welcome page: class path resource [static/dist/index.html]
2018-02-27 19:50:46.637 - INFO [           main] o.s.b.a.e.mvc.EndpointHandlerMapping     : Mapped "{[/mappings || /mappings.json],methods=[GET],produces=[application/vnd.spring-boot.actuator.v1+json || application/json]}" onto public java.lang.Object org.springframework.boot.actuate.endpoint.mvc.EndpointMvcAdapter.invoke()
2018-02-27 19:50:46.641 - INFO [           main] o.s.b.a.e.mvc.EndpointHandlerMapping     : Mapped "{[/loggers/{name:.*}],methods=[GET],produces=[application/vnd.spring-boot.actuator.v1+json || application/json]}" onto public java.lang.Object org.springframework.boot.actuate.endpoint.mvc.LoggersMvcEndpoint.get(java.lang.String)
2018-02-27 19:50:46.643 - INFO [           main] o.s.b.a.e.mvc.EndpointHandlerMapping     : Mapped "{[/loggers/{name:.*}],methods=[POST],consumes=[application/vnd.spring-boot.actuator.v1+json || application/json],produces=[application/vnd.spring-boot.actuator.v1+json || application/json]}" onto public java.lang.Object org.springframework.boot.actuate.endpoint.mvc.LoggersMvcEndpoint.set(java.lang.String,java.util.Map<java.lang.String, java.lang.String>)
2018-02-27 19:50:46.644 - INFO [           main] o.s.b.a.e.mvc.EndpointHandlerMapping     : Mapped "{[/loggers || /loggers.json],methods=[GET],produces=[application/vnd.spring-boot.actuator.v1+json || application/json]}" onto public java.lang.Object org.springframework.boot.actuate.endpoint.mvc.EndpointMvcAdapter.invoke()
2018-02-27 19:50:46.645 - INFO [           main] o.s.b.a.e.mvc.EndpointHandlerMapping     : Mapped "{[/dump || /dump.json],methods=[GET],produces=[application/vnd.spring-boot.actuator.v1+json || application/json]}" onto public java.lang.Object org.springframework.boot.actuate.endpoint.mvc.EndpointMvcAdapter.invoke()
2018-02-27 19:50:46.646 - INFO [           main] o.s.b.a.e.mvc.EndpointHandlerMapping     : Mapped "{[/configprops || /configprops.json],methods=[GET],produces=[application/vnd.spring-boot.actuator.v1+json || application/json]}" onto public java.lang.Object org.springframework.boot.actuate.endpoint.mvc.EndpointMvcAdapter.invoke()
2018-02-27 19:50:46.648 - INFO [           main] o.s.b.a.e.mvc.EndpointHandlerMapping     : Mapped "{[/info || /info.json],methods=[GET],produces=[application/vnd.spring-boot.actuator.v1+json || application/json]}" onto public java.lang.Object org.springframework.boot.actuate.endpoint.mvc.EndpointMvcAdapter.invoke()
2018-02-27 19:50:46.649 - INFO [           main] o.s.b.a.e.mvc.EndpointHandlerMapping     : Mapped "{[/health || /health.json],methods=[GET],produces=[application/vnd.spring-boot.actuator.v1+json || application/json]}" onto public java.lang.Object org.springframework.boot.actuate.endpoint.mvc.HealthMvcEndpoint.invoke(javax.servlet.http.HttpServletRequest,java.security.Principal)
2018-02-27 19:50:46.650 - INFO [           main] o.s.b.a.e.mvc.EndpointHandlerMapping     : Mapped "{[/beans || /beans.json],methods=[GET],produces=[application/vnd.spring-boot.actuator.v1+json || application/json]}" onto public java.lang.Object org.springframework.boot.actuate.endpoint.mvc.EndpointMvcAdapter.invoke()
2018-02-27 19:50:46.654 - INFO [           main] o.s.b.a.e.mvc.EndpointHandlerMapping     : Mapped "{[/autoconfig || /autoconfig.json],methods=[GET],produces=[application/vnd.spring-boot.actuator.v1+json || application/json]}" onto public java.lang.Object org.springframework.boot.actuate.endpoint.mvc.EndpointMvcAdapter.invoke()
2018-02-27 19:50:46.655 - INFO [           main] o.s.b.a.e.mvc.EndpointHandlerMapping     : Mapped "{[/auditevents || /auditevents.json],methods=[GET],produces=[application/vnd.spring-boot.actuator.v1+json || application/json]}" onto public org.springframework.http.ResponseEntity<?> org.springframework.boot.actuate.endpoint.mvc.AuditEventsMvcEndpoint.findByPrincipalAndAfterAndType(java.lang.String,java.util.Date,java.lang.String)
2018-02-27 19:50:46.657 - INFO [           main] o.s.b.a.e.mvc.EndpointHandlerMapping     : Mapped "{[/trace || /trace.json],methods=[GET],produces=[application/vnd.spring-boot.actuator.v1+json || application/json]}" onto public java.lang.Object org.springframework.boot.actuate.endpoint.mvc.EndpointMvcAdapter.invoke()
2018-02-27 19:50:46.659 - INFO [           main] o.s.b.a.e.mvc.EndpointHandlerMapping     : Mapped "{[/heapdump || /heapdump.json],methods=[GET],produces=[application/octet-stream]}" onto public void org.springframework.boot.actuate.endpoint.mvc.HeapdumpMvcEndpoint.invoke(boolean,javax.servlet.http.HttpServletRequest,javax.servlet.http.HttpServletResponse) throws java.io.IOException,javax.servlet.ServletException
2018-02-27 19:50:46.662 - INFO [           main] o.s.b.a.e.mvc.EndpointHandlerMapping     : Mapped "{[/metrics/{name:.*}],methods=[GET],produces=[application/vnd.spring-boot.actuator.v1+json || application/json]}" onto public java.lang.Object org.springframework.boot.actuate.endpoint.mvc.MetricsMvcEndpoint.value(java.lang.String)
2018-02-27 19:50:46.663 - INFO [           main] o.s.b.a.e.mvc.EndpointHandlerMapping     : Mapped "{[/metrics || /metrics.json],methods=[GET],produces=[application/vnd.spring-boot.actuator.v1+json || application/json]}" onto public java.lang.Object org.springframework.boot.actuate.endpoint.mvc.EndpointMvcAdapter.invoke()
2018-02-27 19:50:46.685 - INFO [           main] o.s.b.a.e.mvc.EndpointHandlerMapping     : Mapped "{[/env/{name:.*}],methods=[GET],produces=[application/vnd.spring-boot.actuator.v1+json || application/json]}" onto public java.lang.Object org.springframework.boot.actuate.endpoint.mvc.EnvironmentMvcEndpoint.value(java.lang.String)
2018-02-27 19:50:46.699 - INFO [           main] o.s.b.a.e.mvc.EndpointHandlerMapping     : Mapped "{[/env || /env.json],methods=[GET],produces=[application/vnd.spring-boot.actuator.v1+json || application/json]}" onto public java.lang.Object org.springframework.boot.actuate.endpoint.mvc.EndpointMvcAdapter.invoke()
2018-02-27 19:50:47.825 - INFO [           main] o.s.j.e.a.AnnotationMBeanExporter        : Registering beans for JMX exposure on startup
2018-02-27 19:50:47.828 - INFO [           main] o.s.j.e.a.AnnotationMBeanExporter        : Bean with name 'druidDataSource' has been autodetected for JMX exposure
2018-02-27 19:50:47.851 - INFO [           main] o.s.j.e.a.AnnotationMBeanExporter        : Located MBean 'druidDataSource': registering with JMX server as MBean [com.alibaba.druid.pool:name=druidDataSource,type=DruidDataSource]
2018-02-27 19:50:47.852 - INFO [           main] o.s.b.a.e.jmx.EndpointMBeanExporter      : Registering beans for JMX exposure on startup
2018-02-27 19:50:47.875 - INFO [           main] o.s.c.support.DefaultLifecycleProcessor  : Starting beans in phase 0
2018-02-27 19:50:47.878 - INFO [           main] o.s.b.a.e.jmx.EndpointMBeanExporter      : Located managed bean 'auditEventsEndpoint': registering with JMX server as MBean [org.springframework.boot:type=Endpoint,name=auditEventsEndpoint]
2018-02-27 19:50:47.937 - INFO [           main] o.s.b.a.e.jmx.EndpointMBeanExporter      : Located managed bean 'requestMappingEndpoint': registering with JMX server as MBean [org.springframework.boot:type=Endpoint,name=requestMappingEndpoint]
2018-02-27 19:50:48.005 - INFO [           main] o.s.b.a.e.jmx.EndpointMBeanExporter      : Located managed bean 'environmentEndpoint': registering with JMX server as MBean [org.springframework.boot:type=Endpoint,name=environmentEndpoint]
2018-02-27 19:50:48.017 - INFO [           main] o.s.b.a.e.jmx.EndpointMBeanExporter      : Located managed bean 'healthEndpoint': registering with JMX server as MBean [org.springframework.boot:type=Endpoint,name=healthEndpoint]
2018-02-27 19:50:48.024 - INFO [           main] o.s.b.a.e.jmx.EndpointMBeanExporter      : Located managed bean 'beansEndpoint': registering with JMX server as MBean [org.springframework.boot:type=Endpoint,name=beansEndpoint]
2018-02-27 19:50:48.045 - INFO [           main] o.s.b.a.e.jmx.EndpointMBeanExporter      : Located managed bean 'infoEndpoint': registering with JMX server as MBean [org.springframework.boot:type=Endpoint,name=infoEndpoint]
2018-02-27 19:50:48.058 - INFO [           main] o.s.b.a.e.jmx.EndpointMBeanExporter      : Located managed bean 'loggersEndpoint': registering with JMX server as MBean [org.springframework.boot:type=Endpoint,name=loggersEndpoint]
2018-02-27 19:50:48.082 - INFO [           main] o.s.b.a.e.jmx.EndpointMBeanExporter      : Located managed bean 'metricsEndpoint': registering with JMX server as MBean [org.springframework.boot:type=Endpoint,name=metricsEndpoint]
2018-02-27 19:50:48.087 - INFO [           main] o.s.b.a.e.jmx.EndpointMBeanExporter      : Located managed bean 'traceEndpoint': registering with JMX server as MBean [org.springframework.boot:type=Endpoint,name=traceEndpoint]
2018-02-27 19:50:48.095 - INFO [           main] o.s.b.a.e.jmx.EndpointMBeanExporter      : Located managed bean 'dumpEndpoint': registering with JMX server as MBean [org.springframework.boot:type=Endpoint,name=dumpEndpoint]
2018-02-27 19:50:48.102 - INFO [           main] o.s.b.a.e.jmx.EndpointMBeanExporter      : Located managed bean 'autoConfigurationReportEndpoint': registering with JMX server as MBean [org.springframework.boot:type=Endpoint,name=autoConfigurationReportEndpoint]
2018-02-27 19:50:48.128 - INFO [           main] o.s.b.a.e.jmx.EndpointMBeanExporter      : Located managed bean 'configurationPropertiesReportEndpoint': registering with JMX server as MBean [org.springframework.boot:type=Endpoint,name=configurationPropertiesReportEndpoint]
2018-02-27 19:50:48.197 - INFO [           main] o.a.coyote.http11.Http11NioProtocol      : Initializing ProtocolHandler ["http-nio-8089"]
2018-02-27 19:50:48.244 - INFO [           main] o.a.coyote.http11.Http11NioProtocol      : Starting ProtocolHandler ["http-nio-8089"]
2018-02-27 19:50:48.288 - INFO [           main] o.a.tomcat.util.net.NioSelectorPool      : Using a shared selector for servlet write/read
2018-02-27 19:50:48.434 - INFO [           main] s.b.c.e.t.TomcatEmbeddedServletContainer : Tomcat started on port(s): 8089 (http)
2018-02-27 19:50:48.475 - INFO [           main] com.zzz.Application                      : Started Application in 37.956 seconds (JVM running for 42.193)
2018-02-27 19:50:48.477 - INFO [           main] com.zzz.Application                      : Application Startup Success !
2018-02-27 19:50:55.793 - INFO [io-8089-exec-10] o.a.c.c.C.[Tomcat].[localhost].[/]       : Initializing Spring FrameworkServlet 'dispatcherServlet'
2018-02-27 19:50:55.794 - INFO [io-8089-exec-10] o.s.web.servlet.DispatcherServlet        : FrameworkServlet 'dispatcherServlet': initialization started
2018-02-27 19:50:55.861 - INFO [io-8089-exec-10] o.s.web.servlet.DispatcherServlet        : FrameworkServlet 'dispatcherServlet': initialization completed in 66 ms
2018-02-27 19:51:05.364 - INFO [nio-8089-exec-4] o.h.h.i.QueryTranslatorFactoryInitiator  : HHH000397: Using ASTQueryTranslatorFactory
